0 info it worked if it ends with ok
1 verbose cli [ '/Users/administrator/.nvm/versions/node/v6.9.1/bin/node',
1 verbose cli   '/Users/administrator/.nvm/versions/node/v6.9.1/bin/npm',
1 verbose cli   'run',
1 verbose cli   'test' ]
2 info using npm@3.10.8
3 info using node@v6.9.1
4 verbose run-script [ 'pretest', 'test', 'posttest' ]
5 info lifecycle jest-tutorial@1.0.0~pretest: jest-tutorial@1.0.0
6 silly lifecycle jest-tutorial@1.0.0~pretest: no script for pretest, continuing
7 info lifecycle jest-tutorial@1.0.0~test: jest-tutorial@1.0.0
8 verbose lifecycle jest-tutorial@1.0.0~test: unsafe-perm in lifecycle true
9 verbose lifecycle jest-tutorial@1.0.0~test: PATH: /Users/administrator/.nvm/versions/node/v6.9.1/lib/node_modules/npm/bin/node-gyp-bin:/_/reactlearn/egghead/jest-tutorial/node_modules/.bin:/Users/administrator/.rvm/gems/ruby-2.2.4/bin:/Users/administrator/.rvm/gems/ruby-2.2.4@global/bin:/Users/administrator/.rvm/rubies/ruby-2.2.4/bin:/Users/administrator/.pyenv/shims:/Users/administrator/.pyenv/bin:/Users/administrator/.nvm/versions/node/v6.9.1/bin:/usr/local/bin:/usr/bin:/bin:/usr/sbin:/sbin:/Library/Frameworks/Mono.framework/Versions/Current/Commands:/Users/administrator/bin:/usr/local/sbin:/Users/administrator/symfony-intuivo-cli:/usr/local/bin:/usr/bin:/bin:/usr/sbin:/sbin:/Users/administrator/.rvm/bin
10 verbose lifecycle jest-tutorial@1.0.0~test: CWD: /_/reactlearn/egghead/jest-tutorial
11 silly lifecycle jest-tutorial@1.0.0~test: Args: [ '-c', 'jest' ]
12 silly lifecycle jest-tutorial@1.0.0~test: Returned: code: 1  signal: null
13 info lifecycle jest-tutorial@1.0.0~test: Failed to exec test script
14 verbose stack Error: jest-tutorial@1.0.0 test: `jest`
14 verbose stack Exit status 1
14 verbose stack     at EventEmitter.<anonymous> (/Users/administrator/.nvm/versions/node/v6.9.1/lib/node_modules/npm/lib/utils/lifecycle.js:255:16)
14 verbose stack     at emitTwo (events.js:106:13)
14 verbose stack     at EventEmitter.emit (events.js:191:7)
14 verbose stack     at ChildProcess.<anonymous> (/Users/administrator/.nvm/versions/node/v6.9.1/lib/node_modules/npm/lib/utils/spawn.js:40:14)
14 verbose stack     at emitTwo (events.js:106:13)
14 verbose stack     at ChildProcess.emit (events.js:191:7)
14 verbose stack     at maybeClose (internal/child_process.js:877:16)
14 verbose stack     at Process.ChildProcess._handle.onexit (internal/child_process.js:226:5)
15 verbose pkgid jest-tutorial@1.0.0
16 verbose cwd /_/reactlearn/egghead/jest-tutorial
17 error Darwin 16.4.0
18 error argv "/Users/administrator/.nvm/versions/node/v6.9.1/bin/node" "/Users/administrator/.nvm/versions/node/v6.9.1/bin/npm" "run" "test"
19 error node v6.9.1
20 error npm  v3.10.8
21 error code ELIFECYCLE
22 error jest-tutorial@1.0.0 test: `jest`
22 error Exit status 1
23 error Failed at the jest-tutorial@1.0.0 test script 'jest'.
23 error Make sure you have the latest version of node.js and npm installed.
23 error If you do, this is most likely a problem with the jest-tutorial package,
23 error not with npm itself.
23 error Tell the author that this fails on your system:
23 error     jest
23 error You can get information on how to open an issue for this project with:
23 error     npm bugs jest-tutorial
23 error Or if that isn't available, you can get their info via:
23 error     npm owner ls jest-tutorial
23 error There is likely additional logging output above.
24 verbose exit [ 1, true ]
